<?xml version="1.0" encoding="UTF-8"?>
<!-- Generated by org.testng.reporters.JUnitXMLReporter -->
<testsuite ignored="0" hostname="Sudhakar-PC" failures="1" tests="1" name="Test2" time="30.188" errors="0" timestamp="01 Oct 2019 23:47:32 GMT">
  <testcase classname="PDF_Emailable_Report2.TC01_Test1" name="testPDFReportOne" time="27.656">
    <failure type="java.lang.AssertionError" message="expected [true] but found [false]">
      <![CDATA[java.lang.AssertionError: expected [true] but found [false]
at PDF_Emailable_Report2.TC01_Test1.testPDFReportOne(TC01_Test1.java:26)
... Removed 29 stack frames]]>
    </failure>
  </testcase> <!-- testPDFReportOne -->
</testsuite> <!-- Test2 -->
