<?xml version="1.0" encoding="UTF-8"?>
<!-- Generated by org.testng.reporters.JUnitXMLReporter -->
<testsuite ignored="0" hostname="Sudhakar-PC" failures="1" tests="1" name="Test4" time="24.843" errors="0" timestamp="02 Oct 2019 00:19:42 GMT">
  <testcase classname="iTestListener_Interface_PDF.TC01_Test1" name="testPDFReportOne" time="23.983">
    <failure type="java.lang.AssertionError" message="expected [true] but found [false]">
      <![CDATA[java.lang.AssertionError: expected [true] but found [false]
at iTestListener_Interface_PDF.TC01_Test1.testPDFReportOne(TC01_Test1.java:31)
... Removed 29 stack frames]]>
    </failure>
  </testcase> <!-- testPDFReportOne -->
</testsuite> <!-- Test4 -->
